<?xml version="1.0" encoding="UTF-8"?>
<testsuite xmlns:xsi="http://www.w3.org/2001/XMLSchema-instance" xsi:noNamespaceSchemaLocation="https://maven.apache.org/surefire/maven-surefire-plugin/xsd/surefire-test-report-3.0.xsd" version="3.0" name="com.laplateforme.tracker.dao.UserDAOTest" time="0.447" tests="3" errors="0" skipped="0" failures="0">
  <properties>
    <property name="surefire.printSummary" value="true"/>
    <property name="java.specification.version" value="17"/>
    <property name="sun.jnu.encoding" value="UTF-8"/>
    <property name="java.class.path" value="/Users/anatoliychubais/Desktop/Java/StudentTracker/backend/target/test-classes:/Users/anatoliychubais/Desktop/Java/StudentTracker/backend/target/classes:/Users/anatoliychubais/.m2/repository/junit/junit/3.8.1/junit-3.8.1.jar:/Users/anatoliychubais/.m2/repository/org/postgresql/postgresql/42.7.3/postgresql-42.7.3.jar:/Users/anatoliychubais/.m2/repository/org/checkerframework/checker-qual/3.42.0/checker-qual-3.42.0.jar:/Users/anatoliychubais/.m2/repository/com/google/code/gson/gson/2.10.1/gson-2.10.1.jar:/Users/anatoliychubais/.m2/repository/org/mindrot/jbcrypt/0.4/jbcrypt-0.4.jar:/Users/anatoliychubais/.m2/repository/com/auth0/java-jwt/4.4.0/java-jwt-4.4.0.jar:/Users/anatoliychubais/.m2/repository/com/fasterxml/jackson/core/jackson-databind/2.14.2/jackson-databind-2.14.2.jar:/Users/anatoliychubais/.m2/repository/com/fasterxml/jackson/core/jackson-annotations/2.14.2/jackson-annotations-2.14.2.jar:/Users/anatoliychubais/.m2/repository/com/fasterxml/jackson/core/jackson-core/2.14.2/jackson-core-2.14.2.jar:/Users/anatoliychubais/.m2/repository/io/github/cdimascio/dotenv-java/3.0.0/dotenv-java-3.0.0.jar:/Users/anatoliychubais/.m2/repository/org/mockito/mockito-core/5.2.0/mockito-core-5.2.0.jar:/Users/anatoliychubais/.m2/repository/net/bytebuddy/byte-buddy/1.14.1/byte-buddy-1.14.1.jar:/Users/anatoliychubais/.m2/repository/net/bytebuddy/byte-buddy-agent/1.14.1/byte-buddy-agent-1.14.1.jar:/Users/anatoliychubais/.m2/repository/org/objenesis/objenesis/3.3/objenesis-3.3.jar:"/>
    <property name="java.vm.vendor" value="Homebrew"/>
    <property name="sun.arch.data.model" value="64"/>
    <property name="java.vendor.url" value="https://github.com/Homebrew/homebrew-core/issues"/>
    <property name="os.name" value="Mac OS X"/>
    <property name="java.vm.specification.version" value="17"/>
    <property name="sun.java.launcher" value="SUN_STANDARD"/>
    <property name="user.country" value="GB"/>
    <property name="sun.boot.library.path" value="/opt/homebrew/Cellar/openjdk@17/17.0.15/libexec/openjdk.jdk/Contents/Home/lib"/>
    <property name="sun.java.command" value="/Users/anatoliychubais/Desktop/Java/StudentTracker/backend/target/surefire/surefirebooter-20250703204143686_3.jar /Users/anatoliychubais/Desktop/Java/StudentTracker/backend/target/surefire 2025-07-03T20-41-43_590-jvmRun1 surefire-20250703204143686_1tmp surefire_0-20250703204143686_2tmp"/>
    <property name="http.nonProxyHosts" value="local|*.local|169.254/16|*.169.254/16"/>
    <property name="jdk.debug" value="release"/>
    <property name="surefire.test.class.path" value="/Users/anatoliychubais/Desktop/Java/StudentTracker/backend/target/test-classes:/Users/anatoliychubais/Desktop/Java/StudentTracker/backend/target/classes:/Users/anatoliychubais/.m2/repository/junit/junit/3.8.1/junit-3.8.1.jar:/Users/anatoliychubais/.m2/repository/org/postgresql/postgresql/42.7.3/postgresql-42.7.3.jar:/Users/anatoliychubais/.m2/repository/org/checkerframework/checker-qual/3.42.0/checker-qual-3.42.0.jar:/Users/anatoliychubais/.m2/repository/com/google/code/gson/gson/2.10.1/gson-2.10.1.jar:/Users/anatoliychubais/.m2/repository/org/mindrot/jbcrypt/0.4/jbcrypt-0.4.jar:/Users/anatoliychubais/.m2/repository/com/auth0/java-jwt/4.4.0/java-jwt-4.4.0.jar:/Users/anatoliychubais/.m2/repository/com/fasterxml/jackson/core/jackson-databind/2.14.2/jackson-databind-2.14.2.jar:/Users/anatoliychubais/.m2/repository/com/fasterxml/jackson/core/jackson-annotations/2.14.2/jackson-annotations-2.14.2.jar:/Users/anatoliychubais/.m2/repository/com/fasterxml/jackson/core/jackson-core/2.14.2/jackson-core-2.14.2.jar:/Users/anatoliychubais/.m2/repository/io/github/cdimascio/dotenv-java/3.0.0/dotenv-java-3.0.0.jar:/Users/anatoliychubais/.m2/repository/org/mockito/mockito-core/5.2.0/mockito-core-5.2.0.jar:/Users/anatoliychubais/.m2/repository/net/bytebuddy/byte-buddy/1.14.1/byte-buddy-1.14.1.jar:/Users/anatoliychubais/.m2/repository/net/bytebuddy/byte-buddy-agent/1.14.1/byte-buddy-agent-1.14.1.jar:/Users/anatoliychubais/.m2/repository/org/objenesis/objenesis/3.3/objenesis-3.3.jar:"/>
    <property name="sun.cpu.endian" value="little"/>
    <property name="maven.compiler.source" value="17"/>
    <property name="user.home" value="/Users/anatoliychubais"/>
    <property name="user.language" value="en"/>
    <property name="java.specification.vendor" value="Oracle Corporation"/>
    <property name="surefire.useFile" value="false"/>
    <property name="java.version.date" value="2025-04-15"/>
    <property name="java.home" value="/opt/homebrew/Cellar/openjdk@17/17.0.15/libexec/openjdk.jdk/Contents/Home"/>
    <property name="file.separator" value="/"/>
    <property name="basedir" value="/Users/anatoliychubais/Desktop/Java/StudentTracker/backend"/>
    <property name="java.vm.compressedOopsMode" value="Zero based"/>
    <property name="line.separator" value="&#10;"/>
    <property name="java.vm.specification.vendor" value="Oracle Corporation"/>
    <property name="java.specification.name" value="Java Platform API Specification"/>
    <property name="surefire.real.class.path" value="/Users/anatoliychubais/Desktop/Java/StudentTracker/backend/target/surefire/surefirebooter-20250703204143686_3.jar"/>
    <property name="sun.management.compiler" value="HotSpot 64-Bit Tiered Compilers"/>
    <property name="ftp.nonProxyHosts" value="local|*.local|169.254/16|*.169.254/16"/>
    <property name="java.runtime.version" value="17.0.15+0"/>
    <property name="user.name" value="anatoliychubais"/>
    <property name="path.separator" value=":"/>
    <property name="os.version" value="15.3.1"/>
    <property name="java.runtime.name" value="OpenJDK Runtime Environment"/>
    <property name="file.encoding" value="UTF-8"/>
    <property name="java.vm.name" value="OpenJDK 64-Bit Server VM"/>
    <property name="java.vendor.version" value="Homebrew"/>
    <property name="localRepository" value="/Users/anatoliychubais/.m2/repository"/>
    <property name="java.vendor.url.bug" value="https://github.com/Homebrew/homebrew-core/issues"/>
    <property name="java.io.tmpdir" value="/var/folders/kq/bwx5g995251f9p7l3r7yvkhw0000gn/T/"/>
    <property name="java.version" value="17.0.15"/>
    <property name="user.dir" value="/Users/anatoliychubais/Desktop/Java/StudentTracker/backend"/>
    <property name="os.arch" value="aarch64"/>
    <property name="java.vm.specification.name" value="Java Virtual Machine Specification"/>
    <property name="native.encoding" value="UTF-8"/>
    <property name="maven.compiler.target" value="17"/>
    <property name="java.library.path" value="/Users/anatoliychubais/Library/Java/Extensions:/Library/Java/Extensions:/Network/Library/Java/Extensions:/System/Library/Java/Extensions:/usr/lib/java:."/>
    <property name="java.vm.info" value="mixed mode, sharing"/>
    <property name="java.vendor" value="Homebrew"/>
    <property name="java.vm.version" value="17.0.15+0"/>
    <property name="java.specification.maintenance.version" value="1"/>
    <property name="sun.io.unicode.encoding" value="UnicodeBig"/>
    <property name="socksNonProxyHosts" value="local|*.local|169.254/16|*.169.254/16"/>
    <property name="java.class.version" value="61.0"/>
  </properties>
  <testcase name="testInsertAndFindUser" classname="com.laplateforme.tracker.dao.UserDAOTest" time="0.165">
    <system-out><![CDATA[[DEBUG] Attempting to load db.properties from classpath...
[DEBUG] Loaded JDBC URL: jdbc:postgresql://localhost:5432/student_tracker
[DEBUG] Loaded DB user: postgres
[INFO] Connected to database: student_tracker
[DEBUG] Attempting to load db.properties from classpath...
[DEBUG] Loaded JDBC URL: jdbc:postgresql://localhost:5432/student_tracker
[DEBUG] Loaded DB user: postgres
[INFO] Connected to database: student_tracker
[DEBUG] Attempting to load db.properties from classpath...
[DEBUG] Loaded JDBC URL: jdbc:postgresql://localhost:5432/student_tracker
[DEBUG] Loaded DB user: postgres
[INFO] Connected to database: student_tracker
[DEBUG] Attempting to load db.properties from classpath...
[DEBUG] Loaded JDBC URL: jdbc:postgresql://localhost:5432/student_tracker
[DEBUG] Loaded DB user: postgres
[INFO] Connected to database: student_tracker
[DEBUG] Attempting to load db.properties from classpath...
[DEBUG] Loaded JDBC URL: jdbc:postgresql://localhost:5432/student_tracker
[DEBUG] Loaded DB user: postgres
[INFO] Connected to database: student_tracker
[DEBUG] Attempting to load db.properties from classpath...
[DEBUG] Loaded JDBC URL: jdbc:postgresql://localhost:5432/student_tracker
[DEBUG] Loaded DB user: postgres
[INFO] Connected to database: student_tracker
[DEBUG] Attempting to load db.properties from classpath...
[DEBUG] Loaded JDBC URL: jdbc:postgresql://localhost:5432/student_tracker
[DEBUG] Loaded DB user: postgres
[INFO] Connected to database: student_tracker
[DEBUG] Attempting to load db.properties from classpath...
[DEBUG] Loaded JDBC URL: jdbc:postgresql://localhost:5432/student_tracker
[DEBUG] Loaded DB user: postgres
[INFO] Connected to database: student_tracker
]]></system-out>
  </testcase>
  <testcase name="testDuplicateUsername" classname="com.laplateforme.tracker.dao.UserDAOTest" time="0.15">
    <system-out><![CDATA[[DEBUG] Attempting to load db.properties from classpath...
[DEBUG] Loaded JDBC URL: jdbc:postgresql://localhost:5432/student_tracker
[DEBUG] Loaded DB user: postgres
[INFO] Connected to database: student_tracker
[DEBUG] Attempting to load db.properties from classpath...
[DEBUG] Loaded JDBC URL: jdbc:postgresql://localhost:5432/student_tracker
[DEBUG] Loaded DB user: postgres
[INFO] Connected to database: student_tracker
[DEBUG] Attempting to load db.properties from classpath...
[DEBUG] Loaded JDBC URL: jdbc:postgresql://localhost:5432/student_tracker
[DEBUG] Loaded DB user: postgres
[INFO] Connected to database: student_tracker
[DEBUG] Attempting to load db.properties from classpath...
[DEBUG] Loaded JDBC URL: jdbc:postgresql://localhost:5432/student_tracker
[DEBUG] Loaded DB user: postgres
[INFO] Connected to database: student_tracker
[DEBUG] Attempting to load db.properties from classpath...
[DEBUG] Loaded JDBC URL: jdbc:postgresql://localhost:5432/student_tracker
[DEBUG] Loaded DB user: postgres
[INFO] Connected to database: student_tracker
[DEBUG] Attempting to load db.properties from classpath...
[DEBUG] Loaded JDBC URL: jdbc:postgresql://localhost:5432/student_tracker
[DEBUG] Loaded DB user: postgres
[INFO] Connected to database: student_tracker
[DEBUG] Attempting to load db.properties from classpath...
[DEBUG] Loaded JDBC URL: jdbc:postgresql://localhost:5432/student_tracker
[DEBUG] Loaded DB user: postgres
[INFO] Connected to database: student_tracker
[DEBUG] Attempting to load db.properties from classpath...
[DEBUG] Loaded JDBC URL: jdbc:postgresql://localhost:5432/student_tracker
[DEBUG] Loaded DB user: postgres
[INFO] Connected to database: student_tracker
]]></system-out>
    <system-err><![CDATA[org.postgresql.util.PSQLException: ERROR: duplicate key value violates unique constraint "User_username_key"
  Detail: Key (username)=(testuserdup) already exists.
	at org.postgresql.core.v3.QueryExecutorImpl.receiveErrorResponse(QueryExecutorImpl.java:2725)
	at org.postgresql.core.v3.QueryExecutorImpl.processResults(QueryExecutorImpl.java:2412)
	at org.postgresql.core.v3.QueryExecutorImpl.execute(QueryExecutorImpl.java:371)
	at org.postgresql.jdbc.PgStatement.executeInternal(PgStatement.java:502)
	at org.postgresql.jdbc.PgStatement.execute(PgStatement.java:419)
	at org.postgresql.jdbc.PgPreparedStatement.executeWithFlags(PgPreparedStatement.java:194)
	at org.postgresql.jdbc.PgPreparedStatement.executeQuery(PgPreparedStatement.java:137)
	at com.laplateforme.tracker.dao.UserDAO.insertUser(UserDAO.java:17)
	at com.laplateforme.tracker.dao.UserDAOTest.testDuplicateUsername(UserDAOTest.java:44)
	at java.base/jdk.internal.reflect.NativeMethodAccessorImpl.invoke0(Native Method)
	at java.base/jdk.internal.reflect.NativeMethodAccessorImpl.invoke(NativeMethodAccessorImpl.java:77)
	at java.base/jdk.internal.reflect.DelegatingMethodAccessorImpl.invoke(DelegatingMethodAccessorImpl.java:43)
	at java.base/java.lang.reflect.Method.invoke(Method.java:569)
	at junit.framework.TestCase.runTest(TestCase.java:154)
	at junit.framework.TestCase.runBare(TestCase.java:127)
	at junit.framework.TestResult$1.protect(TestResult.java:106)
	at junit.framework.TestResult.runProtected(TestResult.java:124)
	at junit.framework.TestResult.run(TestResult.java:109)
	at junit.framework.TestCase.run(TestCase.java:118)
	at junit.framework.TestSuite.runTest(TestSuite.java:208)
	at junit.framework.TestSuite.run(TestSuite.java:203)
	at java.base/jdk.internal.reflect.NativeMethodAccessorImpl.invoke0(Native Method)
	at java.base/jdk.internal.reflect.NativeMethodAccessorImpl.invoke(NativeMethodAccessorImpl.java:77)
	at java.base/jdk.internal.reflect.DelegatingMethodAccessorImpl.invoke(DelegatingMethodAccessorImpl.java:43)
	at java.base/java.lang.reflect.Method.invoke(Method.java:569)
	at org.apache.maven.surefire.junit.JUnitTestSetExecutor.execute(JUnitTestSetExecutor.java:81)
	at org.apache.maven.surefire.junit.JUnit3Provider.executeTestSet(JUnit3Provider.java:131)
	at org.apache.maven.surefire.junit.JUnit3Provider.invoke(JUnit3Provider.java:93)
	at org.apache.maven.surefire.booter.ForkedBooter.runSuitesInProcess(ForkedBooter.java:385)
	at org.apache.maven.surefire.booter.ForkedBooter.execute(ForkedBooter.java:162)
	at org.apache.maven.surefire.booter.ForkedBooter.run(ForkedBooter.java:507)
	at org.apache.maven.surefire.booter.ForkedBooter.main(ForkedBooter.java:495)
]]></system-err>
  </testcase>
  <testcase name="testFindByUsernameNotFound" classname="com.laplateforme.tracker.dao.UserDAOTest" time="0.13">
    <system-out><![CDATA[[DEBUG] Attempting to load db.properties from classpath...
[DEBUG] Loaded JDBC URL: jdbc:postgresql://localhost:5432/student_tracker
[DEBUG] Loaded DB user: postgres
[INFO] Connected to database: student_tracker
[DEBUG] Attempting to load db.properties from classpath...
[DEBUG] Loaded JDBC URL: jdbc:postgresql://localhost:5432/student_tracker
[DEBUG] Loaded DB user: postgres
[INFO] Connected to database: student_tracker
[DEBUG] Attempting to load db.properties from classpath...
[DEBUG] Loaded JDBC URL: jdbc:postgresql://localhost:5432/student_tracker
[DEBUG] Loaded DB user: postgres
[INFO] Connected to database: student_tracker
[DEBUG] Attempting to load db.properties from classpath...
[DEBUG] Loaded JDBC URL: jdbc:postgresql://localhost:5432/student_tracker
[DEBUG] Loaded DB user: postgres
[INFO] Connected to database: student_tracker
[DEBUG] Attempting to load db.properties from classpath...
[DEBUG] Loaded JDBC URL: jdbc:postgresql://localhost:5432/student_tracker
[DEBUG] Loaded DB user: postgres
[INFO] Connected to database: student_tracker
[DEBUG] Attempting to load db.properties from classpath...
[DEBUG] Loaded JDBC URL: jdbc:postgresql://localhost:5432/student_tracker
[DEBUG] Loaded DB user: postgres
[INFO] Connected to database: student_tracker
[DEBUG] Attempting to load db.properties from classpath...
[DEBUG] Loaded JDBC URL: jdbc:postgresql://localhost:5432/student_tracker
[DEBUG] Loaded DB user: postgres
[INFO] Connected to database: student_tracker
]]></system-out>
  </testcase>
</testsuite>